<?xml version='1.0'?>
<ns2:test-suite xmlns:ns2='urn:model.allure.qatools.yandex.ru' start='1639934349482' stop='1639934357909'>
    <name>Banking</name>
    <title>Banking</title>
    <test-cases>
        <test-case start='1639934349483' status='broken' stop='1639934355170'>
            <name>Debería ingresar a la pagina con las credenciales</name>
            <title>Debería ingresar a la pagina con las credenciales</title>
            <labels>
                <label name='language' value='javascript'/>
                <label name='framework' value='wdio'/>
                <label name='thread' value='0-0'/>
            </labels>
            <parameters>
                <parameter kind='argument' name='browser' value='chrome-96.0.4664.110'/>
            </parameters>
            <steps>
                <step start='1639934349592' status='passed' stop='1639934354923'>
                    <name>POST /session/:sessionId/url</name>
                    <title>POST /session/:sessionId/url</title>
                    <attachments>
                        <attachment title='Request' source='5d3220da-4e25-41ff-99cb-149974f7c9da-attachment.json' type='application/json' size='47'/>
                    </attachments>
                    <steps/>
                </step>
                <step start='1639934354926' status='passed' stop='1639934355154'>
                    <name>GET /session/:sessionId/screenshot</name>
                    <title>GET /session/:sessionId/screenshot</title>
                    <attachments>
                        <attachment title='Screenshot' source='0ab034b7-5ac6-450f-8fcb-fcf46112ac5a-attachment.png' type='image/png' size='35291'/>
                    </attachments>
                    <steps/>
                </step>
            </steps>
            <attachments/>
            <failure>
                <message>Cannot read property 'isDevTools' of undefined</message>
                <stack-trace>TypeError: Cannot read property 'isDevTools' of undefined
                    at findElement (C:\Users\lucas\Desktop\Proyectos\DigitalBank\node_modules\webdriverio\build\utils\index.js:217:15)
                    at $ (C:\Users\lucas\Desktop\Proyectos\DigitalBank\node_modules\webdriverio\build\commands\browser\$.js:88:43)
                    at Context.&lt;anonymous> (C:\Users\lucas\Desktop\Proyectos\DigitalBank\tests\/log-in.test.js:8:30)
                    at processTicksAndRejections (internal/process/task_queues.js:97:5)</stack-trace>
            </failure>
        </test-case>
        <test-case start='1639934355171' status='broken' stop='1639934355959'>
            <name>Debería recordar credenciales</name>
            <title>Debería recordar credenciales</title>
            <labels>
                <label name='language' value='javascript'/>
                <label name='framework' value='wdio'/>
                <label name='thread' value='0-0'/>
            </labels>
            <parameters>
                <parameter kind='argument' name='browser' value='chrome-96.0.4664.110'/>
            </parameters>
            <steps>
                <step start='1639934355172' status='passed' stop='1639934355751'>
                    <name>POST /session/:sessionId/url</name>
                    <title>POST /session/:sessionId/url</title>
                    <attachments>
                        <attachment title='Request' source='28b1ab99-4aca-48b3-84d6-05930f483d40-attachment.json' type='application/json' size='47'/>
                    </attachments>
                    <steps/>
                </step>
                <step start='1639934355752' status='passed' stop='1639934355958'>
                    <name>GET /session/:sessionId/screenshot</name>
                    <title>GET /session/:sessionId/screenshot</title>
                    <attachments>
                        <attachment title='Screenshot' source='a816bfad-b559-4329-a60e-abfc06541941-attachment.png' type='image/png' size='35291'/>
                    </attachments>
                    <steps/>
                </step>
            </steps>
            <attachments/>
            <failure>
                <message>Cannot read property 'isDevTools' of undefined</message>
                <stack-trace>TypeError: Cannot read property 'isDevTools' of undefined
                    at findElement (C:\Users\lucas\Desktop\Proyectos\DigitalBank\node_modules\webdriverio\build\utils\index.js:217:15)
                    at $ (C:\Users\lucas\Desktop\Proyectos\DigitalBank\node_modules\webdriverio\build\commands\browser\$.js:88:43)
                    at Context.&lt;anonymous> (C:\Users\lucas\Desktop\Proyectos\DigitalBank\tests\/log-in.test.js:29:30)
                    at processTicksAndRejections (internal/process/task_queues.js:97:5)</stack-trace>
            </failure>
        </test-case>
        <test-case start='1639934355959' status='broken' stop='1639934356365'>
            <name>No deberia ingresar con credenciales erroneas</name>
            <title>No deberia ingresar con credenciales erroneas</title>
            <labels>
                <label name='language' value='javascript'/>
                <label name='framework' value='wdio'/>
                <label name='thread' value='0-0'/>
            </labels>
            <parameters>
                <parameter kind='argument' name='browser' value='chrome-96.0.4664.110'/>
            </parameters>
            <steps>
                <step start='1639934355960' status='passed' stop='1639934356156'>
                    <name>POST /session/:sessionId/url</name>
                    <title>POST /session/:sessionId/url</title>
                    <attachments>
                        <attachment title='Request' source='cc23fe87-c14c-4484-8efd-85f4796703e2-attachment.json' type='application/json' size='47'/>
                    </attachments>
                    <steps/>
                </step>
                <step start='1639934356158' status='passed' stop='1639934356364'>
                    <name>GET /session/:sessionId/screenshot</name>
                    <title>GET /session/:sessionId/screenshot</title>
                    <attachments>
                        <attachment title='Screenshot' source='d32da6f8-7a1d-4645-931e-98e5a5d2d23c-attachment.png' type='image/png' size='35291'/>
                    </attachments>
                    <steps/>
                </step>
            </steps>
            <attachments/>
            <failure>
                <message>Cannot read property 'isDevTools' of undefined</message>
                <stack-trace>TypeError: Cannot read property 'isDevTools' of undefined
                    at findElement (C:\Users\lucas\Desktop\Proyectos\DigitalBank\node_modules\webdriverio\build\utils\index.js:217:15)
                    at $ (C:\Users\lucas\Desktop\Proyectos\DigitalBank\node_modules\webdriverio\build\commands\browser\$.js:88:43)
                    at Context.&lt;anonymous> (C:\Users\lucas\Desktop\Proyectos\DigitalBank\tests\/log-in.test.js:51:30)
                    at processTicksAndRejections (internal/process/task_queues.js:97:5)</stack-trace>
            </failure>
        </test-case>
        <test-case start='1639934356365' status='broken' stop='1639934357167'>
            <name>No ingreso formato correo</name>
            <title>No ingreso formato correo</title>
            <labels>
                <label name='language' value='javascript'/>
                <label name='framework' value='wdio'/>
                <label name='thread' value='0-0'/>
            </labels>
            <parameters>
                <parameter kind='argument' name='browser' value='chrome-96.0.4664.110'/>
            </parameters>
            <steps>
                <step start='1639934356366' status='passed' stop='1639934356929'>
                    <name>POST /session/:sessionId/url</name>
                    <title>POST /session/:sessionId/url</title>
                    <attachments>
                        <attachment title='Request' source='30247272-863d-4ffd-8956-011f4e16fc8f-attachment.json' type='application/json' size='47'/>
                    </attachments>
                    <steps/>
                </step>
                <step start='1639934356930' status='passed' stop='1639934357166'>
                    <name>GET /session/:sessionId/screenshot</name>
                    <title>GET /session/:sessionId/screenshot</title>
                    <attachments>
                        <attachment title='Screenshot' source='a522aa90-0c3c-4e58-8fc3-4f5a4ae0ffc4-attachment.png' type='image/png' size='35291'/>
                    </attachments>
                    <steps/>
                </step>
            </steps>
            <attachments/>
            <failure>
                <message>Cannot read property 'isDevTools' of undefined</message>
                <stack-trace>TypeError: Cannot read property 'isDevTools' of undefined
                    at findElement (C:\Users\lucas\Desktop\Proyectos\DigitalBank\node_modules\webdriverio\build\utils\index.js:217:15)
                    at $ (C:\Users\lucas\Desktop\Proyectos\DigitalBank\node_modules\webdriverio\build\commands\browser\$.js:88:43)
                    at Context.&lt;anonymous> (C:\Users\lucas\Desktop\Proyectos\DigitalBank\tests\/log-in.test.js:66:30)
                    at processTicksAndRejections (internal/process/task_queues.js:97:5)</stack-trace>
            </failure>
        </test-case>
        <test-case start='1639934357168' status='broken' stop='1639934357906'>
            <name>Debería pedir credenciales</name>
            <title>Debería pedir credenciales</title>
            <labels>
                <label name='language' value='javascript'/>
                <label name='framework' value='wdio'/>
                <label name='thread' value='0-0'/>
            </labels>
            <parameters>
                <parameter kind='argument' name='browser' value='chrome-96.0.4664.110'/>
            </parameters>
            <steps>
                <step start='1639934357169' status='passed' stop='1639934357693'>
                    <name>POST /session/:sessionId/url</name>
                    <title>POST /session/:sessionId/url</title>
                    <attachments>
                        <attachment title='Request' source='9659d3ac-0d50-4285-bb5d-6701eac0df2e-attachment.json' type='application/json' size='47'/>
                    </attachments>
                    <steps/>
                </step>
                <step start='1639934357694' status='passed' stop='1639934357903'>
                    <name>GET /session/:sessionId/screenshot</name>
                    <title>GET /session/:sessionId/screenshot</title>
                    <attachments>
                        <attachment title='Screenshot' source='19ba3947-f29e-403e-ac3e-0e8bccc6f291-attachment.png' type='image/png' size='35291'/>
                    </attachments>
                    <steps/>
                </step>
            </steps>
            <attachments/>
            <failure>
                <message>Cannot read property 'isDevTools' of undefined</message>
                <stack-trace>TypeError: Cannot read property 'isDevTools' of undefined
                    at findElement (C:\Users\lucas\Desktop\Proyectos\DigitalBank\node_modules\webdriverio\build\utils\index.js:217:15)
                    at $ (C:\Users\lucas\Desktop\Proyectos\DigitalBank\node_modules\webdriverio\build\commands\browser\$.js:88:43)
                    at Context.&lt;anonymous> (C:\Users\lucas\Desktop\Proyectos\DigitalBank\tests\/log-in.test.js:81:28)
                    at processTicksAndRejections (internal/process/task_queues.js:97:5)</stack-trace>
            </failure>
        </test-case>
    </test-cases>
</ns2:test-suite>