<?xml version='1.0'?>
<ns2:test-suite xmlns:ns2='urn:model.allure.qatools.yandex.ru' start='1639934386283' stop='1639934393681'>
    <name>Banking</name>
    <title>Banking</title>
    <test-cases>
        <test-case start='1639934386284' status='broken' stop='1639934389268'>
            <name>Debería ingresar a la pagina con las credenciales</name>
            <title>Debería ingresar a la pagina con las credenciales</title>
            <labels>
                <label name='language' value='javascript'/>
                <label name='framework' value='wdio'/>
                <label name='thread' value='0-0'/>
            </labels>
            <parameters>
                <parameter kind='argument' name='browser' value='chrome-96.0.4664.110'/>
            </parameters>
            <steps>
                <step start='1639934386408' status='passed' stop='1639934389068'>
                    <name>POST /session/:sessionId/url</name>
                    <title>POST /session/:sessionId/url</title>
                    <attachments>
                        <attachment title='Request' source='76bfb546-a1bd-4d10-ba63-b63db007a8b9-attachment.json' type='application/json' size='47'/>
                    </attachments>
                    <steps/>
                </step>
                <step start='1639934389071' status='passed' stop='1639934389259'>
                    <name>GET /session/:sessionId/screenshot</name>
                    <title>GET /session/:sessionId/screenshot</title>
                    <attachments>
                        <attachment title='Screenshot' source='ff1fc2e2-e97e-4b81-89e9-b0793ab75fa5-attachment.png' type='image/png' size='35291'/>
                    </attachments>
                    <steps/>
                </step>
            </steps>
            <attachments/>
            <failure>
                <message>Cannot read property 'isDevTools' of undefined</message>
                <stack-trace>TypeError: Cannot read property 'isDevTools' of undefined
                    at findElement (C:\Users\lucas\Desktop\Proyectos\DigitalBank\node_modules\webdriverio\build\utils\index.js:217:15)
                    at $ (C:\Users\lucas\Desktop\Proyectos\DigitalBank\node_modules\webdriverio\build\commands\browser\$.js:88:43)
                    at Context.&lt;anonymous> (C:\Users\lucas\Desktop\Proyectos\DigitalBank\tests\/log-in.test.js:8:30)
                    at processTicksAndRejections (internal/process/task_queues.js:97:5)</stack-trace>
            </failure>
        </test-case>
        <test-case start='1639934389269' status='broken' stop='1639934391781'>
            <name>Debería recordar credenciales</name>
            <title>Debería recordar credenciales</title>
            <labels>
                <label name='language' value='javascript'/>
                <label name='framework' value='wdio'/>
                <label name='thread' value='0-0'/>
            </labels>
            <parameters>
                <parameter kind='argument' name='browser' value='chrome-96.0.4664.110'/>
            </parameters>
            <steps>
                <step start='1639934389270' status='passed' stop='1639934391492'>
                    <name>POST /session/:sessionId/url</name>
                    <title>POST /session/:sessionId/url</title>
                    <attachments>
                        <attachment title='Request' source='14be2a5d-922d-4ff7-b1d9-ca11e85fc3fa-attachment.json' type='application/json' size='47'/>
                    </attachments>
                    <steps/>
                </step>
                <step start='1639934391494' status='passed' stop='1639934391780'>
                    <name>GET /session/:sessionId/screenshot</name>
                    <title>GET /session/:sessionId/screenshot</title>
                    <attachments>
                        <attachment title='Screenshot' source='deea8dcf-1997-4622-bcfc-fa90eae9e109-attachment.png' type='image/png' size='31927'/>
                    </attachments>
                    <steps/>
                </step>
            </steps>
            <attachments/>
            <failure>
                <message>Cannot read property 'isDevTools' of undefined</message>
                <stack-trace>TypeError: Cannot read property 'isDevTools' of undefined
                    at findElement (C:\Users\lucas\Desktop\Proyectos\DigitalBank\node_modules\webdriverio\build\utils\index.js:217:15)
                    at $ (C:\Users\lucas\Desktop\Proyectos\DigitalBank\node_modules\webdriverio\build\commands\browser\$.js:88:43)
                    at Context.&lt;anonymous> (C:\Users\lucas\Desktop\Proyectos\DigitalBank\tests\/log-in.test.js:29:30)
                    at processTicksAndRejections (internal/process/task_queues.js:97:5)</stack-trace>
            </failure>
        </test-case>
        <test-case start='1639934391781' status='broken' stop='1639934392574'>
            <name>No deberia ingresar con credenciales erroneas</name>
            <title>No deberia ingresar con credenciales erroneas</title>
            <labels>
                <label name='language' value='javascript'/>
                <label name='framework' value='wdio'/>
                <label name='thread' value='0-0'/>
            </labels>
            <parameters>
                <parameter kind='argument' name='browser' value='chrome-96.0.4664.110'/>
            </parameters>
            <steps>
                <step start='1639934391782' status='passed' stop='1639934392296'>
                    <name>POST /session/:sessionId/url</name>
                    <title>POST /session/:sessionId/url</title>
                    <attachments>
                        <attachment title='Request' source='93a9b898-3814-4030-b2ab-8b225ba82d38-attachment.json' type='application/json' size='47'/>
                    </attachments>
                    <steps/>
                </step>
                <step start='1639934392297' status='passed' stop='1639934392573'>
                    <name>GET /session/:sessionId/screenshot</name>
                    <title>GET /session/:sessionId/screenshot</title>
                    <attachments>
                        <attachment title='Screenshot' source='df2e9a1f-e8c0-4305-8d8e-8b9ef8eff940-attachment.png' type='image/png' size='31927'/>
                    </attachments>
                    <steps/>
                </step>
            </steps>
            <attachments/>
            <failure>
                <message>Cannot read property 'isDevTools' of undefined</message>
                <stack-trace>TypeError: Cannot read property 'isDevTools' of undefined
                    at findElement (C:\Users\lucas\Desktop\Proyectos\DigitalBank\node_modules\webdriverio\build\utils\index.js:217:15)
                    at $ (C:\Users\lucas\Desktop\Proyectos\DigitalBank\node_modules\webdriverio\build\commands\browser\$.js:88:43)
                    at Context.&lt;anonymous> (C:\Users\lucas\Desktop\Proyectos\DigitalBank\tests\/log-in.test.js:51:30)
                    at processTicksAndRejections (internal/process/task_queues.js:97:5)</stack-trace>
            </failure>
        </test-case>
        <test-case start='1639934392574' status='broken' stop='1639934393170'>
            <name>No ingreso formato correo</name>
            <title>No ingreso formato correo</title>
            <labels>
                <label name='language' value='javascript'/>
                <label name='framework' value='wdio'/>
                <label name='thread' value='0-0'/>
            </labels>
            <parameters>
                <parameter kind='argument' name='browser' value='chrome-96.0.4664.110'/>
            </parameters>
            <steps>
                <step start='1639934392577' status='passed' stop='1639934392997'>
                    <name>POST /session/:sessionId/url</name>
                    <title>POST /session/:sessionId/url</title>
                    <attachments>
                        <attachment title='Request' source='2dc6a035-e19b-4ec6-be28-56b7d52cc70d-attachment.json' type='application/json' size='47'/>
                    </attachments>
                    <steps/>
                </step>
                <step start='1639934392998' status='passed' stop='1639934393169'>
                    <name>GET /session/:sessionId/screenshot</name>
                    <title>GET /session/:sessionId/screenshot</title>
                    <attachments>
                        <attachment title='Screenshot' source='40b63a72-bf06-48e0-ba50-851c00417095-attachment.png' type='image/png' size='31927'/>
                    </attachments>
                    <steps/>
                </step>
            </steps>
            <attachments/>
            <failure>
                <message>Cannot read property 'isDevTools' of undefined</message>
                <stack-trace>TypeError: Cannot read property 'isDevTools' of undefined
                    at findElement (C:\Users\lucas\Desktop\Proyectos\DigitalBank\node_modules\webdriverio\build\utils\index.js:217:15)
                    at $ (C:\Users\lucas\Desktop\Proyectos\DigitalBank\node_modules\webdriverio\build\commands\browser\$.js:88:43)
                    at Context.&lt;anonymous> (C:\Users\lucas\Desktop\Proyectos\DigitalBank\tests\/log-in.test.js:66:30)
                    at processTicksAndRejections (internal/process/task_queues.js:97:5)</stack-trace>
            </failure>
        </test-case>
        <test-case start='1639934393171' status='broken' stop='1639934393679'>
            <name>Debería pedir credenciales</name>
            <title>Debería pedir credenciales</title>
            <labels>
                <label name='language' value='javascript'/>
                <label name='framework' value='wdio'/>
                <label name='thread' value='0-0'/>
            </labels>
            <parameters>
                <parameter kind='argument' name='browser' value='chrome-96.0.4664.110'/>
            </parameters>
            <steps>
                <step start='1639934393172' status='passed' stop='1639934393468'>
                    <name>POST /session/:sessionId/url</name>
                    <title>POST /session/:sessionId/url</title>
                    <attachments>
                        <attachment title='Request' source='2c40bd11-4df0-4982-b0f2-83423cca83a1-attachment.json' type='application/json' size='47'/>
                    </attachments>
                    <steps/>
                </step>
                <step start='1639934393468' status='passed' stop='1639934393678'>
                    <name>GET /session/:sessionId/screenshot</name>
                    <title>GET /session/:sessionId/screenshot</title>
                    <attachments>
                        <attachment title='Screenshot' source='89185ea6-a070-4462-86a8-147d8de002bf-attachment.png' type='image/png' size='31927'/>
                    </attachments>
                    <steps/>
                </step>
            </steps>
            <attachments/>
            <failure>
                <message>Cannot read property 'isDevTools' of undefined</message>
                <stack-trace>TypeError: Cannot read property 'isDevTools' of undefined
                    at findElement (C:\Users\lucas\Desktop\Proyectos\DigitalBank\node_modules\webdriverio\build\utils\index.js:217:15)
                    at $ (C:\Users\lucas\Desktop\Proyectos\DigitalBank\node_modules\webdriverio\build\commands\browser\$.js:88:43)
                    at Context.&lt;anonymous> (C:\Users\lucas\Desktop\Proyectos\DigitalBank\tests\/log-in.test.js:81:28)
                    at processTicksAndRejections (internal/process/task_queues.js:97:5)</stack-trace>
            </failure>
        </test-case>
    </test-cases>
</ns2:test-suite>