<?xml version='1.0'?>
<ns2:test-suite xmlns:ns2='urn:model.allure.qatools.yandex.ru' start='1639934313794' stop='1639934334341'>
    <name>Banking</name>
    <title>Banking</title>
    <test-cases>
        <test-case start='1639934313795' status='broken' stop='1639934323360'>
            <name>Debería ingresar a la pagina con las credenciales</name>
            <title>Debería ingresar a la pagina con las credenciales</title>
            <labels>
                <label name='language' value='javascript'/>
                <label name='framework' value='wdio'/>
                <label name='thread' value='0-0'/>
            </labels>
            <parameters>
                <parameter kind='argument' name='browser' value='chrome-96.0.4664.110'/>
            </parameters>
            <steps>
                <step start='1639934313913' status='passed' stop='1639934323148'>
                    <name>POST /session/:sessionId/url</name>
                    <title>POST /session/:sessionId/url</title>
                    <attachments>
                        <attachment title='Request' source='48288b63-3587-4270-8f77-0db113db45a3-attachment.json' type='application/json' size='47'/>
                    </attachments>
                    <steps/>
                </step>
                <step start='1639934323152' status='passed' stop='1639934323346'>
                    <name>GET /session/:sessionId/screenshot</name>
                    <title>GET /session/:sessionId/screenshot</title>
                    <attachments>
                        <attachment title='Screenshot' source='554a8a81-5ca3-48ef-b70a-3974544acfa2-attachment.png' type='image/png' size='31927'/>
                    </attachments>
                    <steps/>
                </step>
            </steps>
            <attachments/>
            <failure>
                <message>Cannot read property 'isDevTools' of undefined</message>
                <stack-trace>TypeError: Cannot read property 'isDevTools' of undefined
                    at findElement (C:\Users\lucas\Desktop\Proyectos\DigitalBank\node_modules\webdriverio\build\utils\index.js:217:15)
                    at $ (C:\Users\lucas\Desktop\Proyectos\DigitalBank\node_modules\webdriverio\build\commands\browser\$.js:88:43)
                    at Context.&lt;anonymous> (C:\Users\lucas\Desktop\Proyectos\DigitalBank\tests\/log-in.test.js:8:30)
                    at processTicksAndRejections (internal/process/task_queues.js:97:5)</stack-trace>
            </failure>
        </test-case>
        <test-case start='1639934323360' status='broken' stop='1639934324398'>
            <name>Debería recordar credenciales</name>
            <title>Debería recordar credenciales</title>
            <labels>
                <label name='language' value='javascript'/>
                <label name='framework' value='wdio'/>
                <label name='thread' value='0-0'/>
            </labels>
            <parameters>
                <parameter kind='argument' name='browser' value='chrome-96.0.4664.110'/>
            </parameters>
            <steps>
                <step start='1639934323361' status='passed' stop='1639934324248'>
                    <name>POST /session/:sessionId/url</name>
                    <title>POST /session/:sessionId/url</title>
                    <attachments>
                        <attachment title='Request' source='9360148f-b1d1-450d-a1d2-0534ad15d483-attachment.json' type='application/json' size='47'/>
                    </attachments>
                    <steps/>
                </step>
                <step start='1639934324249' status='passed' stop='1639934324397'>
                    <name>GET /session/:sessionId/screenshot</name>
                    <title>GET /session/:sessionId/screenshot</title>
                    <attachments>
                        <attachment title='Screenshot' source='a441f8fc-abd4-4f7f-9325-1eb0cba4c1fe-attachment.png' type='image/png' size='31927'/>
                    </attachments>
                    <steps/>
                </step>
            </steps>
            <attachments/>
            <failure>
                <message>Cannot read property 'isDevTools' of undefined</message>
                <stack-trace>TypeError: Cannot read property 'isDevTools' of undefined
                    at findElement (C:\Users\lucas\Desktop\Proyectos\DigitalBank\node_modules\webdriverio\build\utils\index.js:217:15)
                    at $ (C:\Users\lucas\Desktop\Proyectos\DigitalBank\node_modules\webdriverio\build\commands\browser\$.js:88:43)
                    at Context.&lt;anonymous> (C:\Users\lucas\Desktop\Proyectos\DigitalBank\tests\/log-in.test.js:29:30)
                    at processTicksAndRejections (internal/process/task_queues.js:97:5)</stack-trace>
            </failure>
        </test-case>
        <test-case start='1639934324398' status='broken' stop='1639934326032'>
            <name>No deberia ingresar con credenciales erroneas</name>
            <title>No deberia ingresar con credenciales erroneas</title>
            <labels>
                <label name='language' value='javascript'/>
                <label name='framework' value='wdio'/>
                <label name='thread' value='0-0'/>
            </labels>
            <parameters>
                <parameter kind='argument' name='browser' value='chrome-96.0.4664.110'/>
            </parameters>
            <steps>
                <step start='1639934324399' status='passed' stop='1639934325829'>
                    <name>POST /session/:sessionId/url</name>
                    <title>POST /session/:sessionId/url</title>
                    <attachments>
                        <attachment title='Request' source='92f53078-35f1-4fcb-a0b8-b8ed2a19c179-attachment.json' type='application/json' size='47'/>
                    </attachments>
                    <steps/>
                </step>
                <step start='1639934325830' status='passed' stop='1639934326031'>
                    <name>GET /session/:sessionId/screenshot</name>
                    <title>GET /session/:sessionId/screenshot</title>
                    <attachments>
                        <attachment title='Screenshot' source='853b978c-10ee-4ec4-b19c-35ad69d8dd9f-attachment.png' type='image/png' size='31927'/>
                    </attachments>
                    <steps/>
                </step>
            </steps>
            <attachments/>
            <failure>
                <message>Cannot read property 'isDevTools' of undefined</message>
                <stack-trace>TypeError: Cannot read property 'isDevTools' of undefined
                    at findElement (C:\Users\lucas\Desktop\Proyectos\DigitalBank\node_modules\webdriverio\build\utils\index.js:217:15)
                    at $ (C:\Users\lucas\Desktop\Proyectos\DigitalBank\node_modules\webdriverio\build\commands\browser\$.js:88:43)
                    at Context.&lt;anonymous> (C:\Users\lucas\Desktop\Proyectos\DigitalBank\tests\/log-in.test.js:51:30)
                    at processTicksAndRejections (internal/process/task_queues.js:97:5)</stack-trace>
            </failure>
        </test-case>
        <test-case start='1639934326033' status='broken' stop='1639934330108'>
            <name>No ingreso formato correo</name>
            <title>No ingreso formato correo</title>
            <labels>
                <label name='language' value='javascript'/>
                <label name='framework' value='wdio'/>
                <label name='thread' value='0-0'/>
            </labels>
            <parameters>
                <parameter kind='argument' name='browser' value='chrome-96.0.4664.110'/>
            </parameters>
            <steps>
                <step start='1639934326034' status='passed' stop='1639934329948'>
                    <name>POST /session/:sessionId/url</name>
                    <title>POST /session/:sessionId/url</title>
                    <attachments>
                        <attachment title='Request' source='eb877a5d-e752-4ed8-91f4-56799522a856-attachment.json' type='application/json' size='47'/>
                    </attachments>
                    <steps/>
                </step>
                <step start='1639934329949' status='passed' stop='1639934330107'>
                    <name>GET /session/:sessionId/screenshot</name>
                    <title>GET /session/:sessionId/screenshot</title>
                    <attachments>
                        <attachment title='Screenshot' source='2ba08dde-2819-4601-9134-a33911290be3-attachment.png' type='image/png' size='31927'/>
                    </attachments>
                    <steps/>
                </step>
            </steps>
            <attachments/>
            <failure>
                <message>Cannot read property 'isDevTools' of undefined</message>
                <stack-trace>TypeError: Cannot read property 'isDevTools' of undefined
                    at findElement (C:\Users\lucas\Desktop\Proyectos\DigitalBank\node_modules\webdriverio\build\utils\index.js:217:15)
                    at $ (C:\Users\lucas\Desktop\Proyectos\DigitalBank\node_modules\webdriverio\build\commands\browser\$.js:88:43)
                    at Context.&lt;anonymous> (C:\Users\lucas\Desktop\Proyectos\DigitalBank\tests\/log-in.test.js:66:30)
                    at processTicksAndRejections (internal/process/task_queues.js:97:5)</stack-trace>
            </failure>
        </test-case>
        <test-case start='1639934330108' status='broken' stop='1639934334340'>
            <name>Debería pedir credenciales</name>
            <title>Debería pedir credenciales</title>
            <labels>
                <label name='language' value='javascript'/>
                <label name='framework' value='wdio'/>
                <label name='thread' value='0-0'/>
            </labels>
            <parameters>
                <parameter kind='argument' name='browser' value='chrome-96.0.4664.110'/>
            </parameters>
            <steps>
                <step start='1639934330109' status='passed' stop='1639934334153'>
                    <name>POST /session/:sessionId/url</name>
                    <title>POST /session/:sessionId/url</title>
                    <attachments>
                        <attachment title='Request' source='27121caf-ec85-4c0f-a40e-7b3671ba7888-attachment.json' type='application/json' size='47'/>
                    </attachments>
                    <steps/>
                </step>
                <step start='1639934334154' status='passed' stop='1639934334340'>
                    <name>GET /session/:sessionId/screenshot</name>
                    <title>GET /session/:sessionId/screenshot</title>
                    <attachments>
                        <attachment title='Screenshot' source='f421753e-88e9-498a-99e0-ed935ffe22c6-attachment.png' type='image/png' size='31927'/>
                    </attachments>
                    <steps/>
                </step>
            </steps>
            <attachments/>
            <failure>
                <message>Cannot read property 'isDevTools' of undefined</message>
                <stack-trace>TypeError: Cannot read property 'isDevTools' of undefined
                    at findElement (C:\Users\lucas\Desktop\Proyectos\DigitalBank\node_modules\webdriverio\build\utils\index.js:217:15)
                    at $ (C:\Users\lucas\Desktop\Proyectos\DigitalBank\node_modules\webdriverio\build\commands\browser\$.js:88:43)
                    at Context.&lt;anonymous> (C:\Users\lucas\Desktop\Proyectos\DigitalBank\tests\/log-in.test.js:81:28)
                    at processTicksAndRejections (internal/process/task_queues.js:97:5)</stack-trace>
            </failure>
        </test-case>
    </test-cases>
</ns2:test-suite>